{
  "data": {
    "repository": {
      "issue": null,
      "pullRequest": null,
      "discussion": {
        "id": "D_kwDOPpIoXc4AjOHH",
        "__typename": "Discussion"
      }
    }
  },
  "errors": [
    {
      "type": "NOT_FOUND",
      "path": [
        "repository",
        "issue"
      ],
      "locations": [
        {
          "line": 3,
          "column": 5
        }
      ],
      "message": "Could not resolve to an Issue with the number of 19."
    },
    {
      "type": "NOT_FOUND",
      "path": [
        "repository",
        "pullRequest"
      ],
      "locations": [
        {
          "line": 7,
          "column": 5
        }
      ],
      "message": "Could not resolve to a PullRequest with the number of 19."
    }
  ]
}
